
--- Command: ./push_swap 2 4 1 d 7 ---
==12651== Memcheck, a memory error detector
==12651== Copyright (C) 2002-2022, and GNU GPL'd, by Julian Seward et al.
==12651== Using Valgrind-3.22.0 and LibVEX; rerun with -h for copyright info
==12651== Command: ./push_swap 2 4 1 d 7
==12651== 
Error
==12651== 
==12651== HEAP SUMMARY:
==12651==     in use at exit: 0 bytes in 0 blocks
==12651==   total heap usage: 6 allocs, 6 frees, 58 bytes allocated
==12651== 
==12651== All heap blocks were freed -- no leaks are possible
==12651== 
==12651== For lists of detected and suppressed errors, rerun with: -s
==12651== ERROR SUMMARY: 0 errors from 0 contexts (suppressed: 0 from 0)

--- Command: ./push_swap 2 4 1 4 7 ---
==12654== Memcheck, a memory error detector
==12654== Copyright (C) 2002-2022, and GNU GPL'd, by Julian Seward et al.
==12654== Using Valgrind-3.22.0 and LibVEX; rerun with -h for copyright info
==12654== Command: ./push_swap 2 4 1 4 7
==12654== 
Error
==12654== 
==12654== HEAP SUMMARY:
==12654==     in use at exit: 0 bytes in 0 blocks
==12654==   total heap usage: 11 allocs, 11 frees, 138 bytes allocated
==12654== 
==12654== All heap blocks were freed -- no leaks are possible
==12654== 
==12654== For lists of detected and suppressed errors, rerun with: -s
==12654== ERROR SUMMARY: 0 errors from 0 contexts (suppressed: 0 from 0)

--- Command: ./push_swap 2147483648 ---
==12657== Memcheck, a memory error detector
==12657== Copyright (C) 2002-2022, and GNU GPL'd, by Julian Seward et al.
==12657== Using Valgrind-3.22.0 and LibVEX; rerun with -h for copyright info
==12657== Command: ./push_swap 2147483648
==12657== 
Error
==12657== 
==12657== HEAP SUMMARY:
==12657==     in use at exit: 0 bytes in 0 blocks
==12657==   total heap usage: 2 allocs, 2 frees, 27 bytes allocated
==12657== 
==12657== All heap blocks were freed -- no leaks are possible
==12657== 
==12657== For lists of detected and suppressed errors, rerun with: -s
==12657== ERROR SUMMARY: 0 errors from 0 contexts (suppressed: 0 from 0)

--- Command: ./push_swap ---
==12660== Memcheck, a memory error detector
==12660== Copyright (C) 2002-2022, and GNU GPL'd, by Julian Seward et al.
==12660== Using Valgrind-3.22.0 and LibVEX; rerun with -h for copyright info
==12660== Command: ./push_swap
==12660== 
==12660== 
==12660== HEAP SUMMARY:
==12660==     in use at exit: 0 bytes in 0 blocks
==12660==   total heap usage: 0 allocs, 0 frees, 0 bytes allocated
==12660== 
==12660== All heap blocks were freed -- no leaks are possible
==12660== 
==12660== For lists of detected and suppressed errors, rerun with: -s
==12660== ERROR SUMMARY: 0 errors from 0 contexts (suppressed: 0 from 0)

--- Command: ./push_swap 42 ---
==12663== Memcheck, a memory error detector
==12663== Copyright (C) 2002-2022, and GNU GPL'd, by Julian Seward et al.
==12663== Using Valgrind-3.22.0 and LibVEX; rerun with -h for copyright info
==12663== Command: ./push_swap 42
==12663== 
==12663== 
==12663== HEAP SUMMARY:
==12663==     in use at exit: 0 bytes in 0 blocks
==12663==   total heap usage: 3 allocs, 3 frees, 35 bytes allocated
==12663== 
==12663== All heap blocks were freed -- no leaks are possible
==12663== 
==12663== For lists of detected and suppressed errors, rerun with: -s
==12663== ERROR SUMMARY: 0 errors from 0 contexts (suppressed: 0 from 0)

--- Command: ./push_swap 0 1 2 3 ---
==12666== Memcheck, a memory error detector
==12666== Copyright (C) 2002-2022, and GNU GPL'd, by Julian Seward et al.
==12666== Using Valgrind-3.22.0 and LibVEX; rerun with -h for copyright info
==12666== Command: ./push_swap 0 1 2 3
==12666== 
==12666== 
==12666== HEAP SUMMARY:
==12666==     in use at exit: 0 bytes in 0 blocks
==12666==   total heap usage: 9 allocs, 9 frees, 112 bytes allocated
==12666== 
==12666== All heap blocks were freed -- no leaks are possible
==12666== 
==12666== For lists of detected and suppressed errors, rerun with: -s
==12666== ERROR SUMMARY: 0 errors from 0 contexts (suppressed: 0 from 0)

--- Command: ./push_swap 0 1 2 3 4 5 6 7 8 9 ---
==12669== Memcheck, a memory error detector
==12669== Copyright (C) 2002-2022, and GNU GPL'd, by Julian Seward et al.
==12669== Using Valgrind-3.22.0 and LibVEX; rerun with -h for copyright info
==12669== Command: ./push_swap 0 1 2 3 4 5 6 7 8 9
==12669== 
==12669== 
==12669== HEAP SUMMARY:
==12669==     in use at exit: 0 bytes in 0 blocks
==12669==   total heap usage: 21 allocs, 21 frees, 268 bytes allocated
==12669== 
==12669== All heap blocks were freed -- no leaks are possible
==12669== 
==12669== For lists of detected and suppressed errors, rerun with: -s
==12669== ERROR SUMMARY: 0 errors from 0 contexts (suppressed: 0 from 0)
